c:\dropbox\starcomp\turk\visualstudio\release\turk\buildingmanager.obj
c:\dropbox\starcomp\turk\visualstudio\release\turk\turk.obj
c:\dropbox\starcomp\turk\visualstudio\release\turk\scoutmanager.obj
c:\dropbox\starcomp\turk\visualstudio\release\turk\dll.obj
c:\dropbox\starcomp\turk\visualstudio\release\turk\informationmanager.obj
c:\dropbox\starcomp\turk\visualstudio\release\turk\hud.obj
c:\dropbox\starcomp\turk\visualstudio\release\turk\vc120.pdb
c:\dropbox\starcomp\turk\visualstudio\release\turk\sqlite3.obj
c:\dropbox\starcomp\turk\bin\turk.dll
c:\dropbox\starcomp\turk\bin\turk.map
c:\dropbox\starcomp\turk\bin\turk.pdb
c:\dropbox\starcomp\turk\bin\turk.lib
c:\dropbox\starcomp\turk\bin\turk.exp
c:\dropbox\starcomp\turk\visualstudio\\..\bin\turk.pdb
c:\dropbox\starcomp\turk\visualstudio\\..\bin\turk.dll
c:\dropbox\starcomp\turk\visualstudio\release\turk\turk.tlog\cl.command.1.tlog
c:\dropbox\starcomp\turk\visualstudio\release\turk\turk.tlog\cl.read.1.tlog
c:\dropbox\starcomp\turk\visualstudio\release\turk\turk.tlog\cl.write.1.tlog
c:\dropbox\starcomp\turk\visualstudio\release\turk\turk.tlog\link.command.1.tlog
c:\dropbox\starcomp\turk\visualstudio\release\turk\turk.tlog\link.read.1.tlog
c:\dropbox\starcomp\turk\visualstudio\release\turk\turk.tlog\link.write.1.tlog
c:\dropbox\starcomp\turk\visualstudio\release\turk\turk.tlog\turk.write.1u.tlog
